0 info it worked if it ends with ok
1 verbose cli [ '/usr/bin/node', '/usr/bin/npm', 'run', 'test-scripts' ]
2 info using npm@3.8.0
3 info using node@v5.7.1
4 verbose run-script [ 'pretest-scripts', 'test-scripts', 'posttest-scripts' ]
5 info lifecycle fbjs@0.8.0-alpha.3~pretest-scripts: fbjs@0.8.0-alpha.3
6 silly lifecycle fbjs@0.8.0-alpha.3~pretest-scripts: no script for pretest-scripts, continuing
7 info lifecycle fbjs@0.8.0-alpha.3~test-scripts: fbjs@0.8.0-alpha.3
8 verbose lifecycle fbjs@0.8.0-alpha.3~test-scripts: unsafe-perm in lifecycle true
9 verbose lifecycle fbjs@0.8.0-alpha.3~test-scripts: PATH: /usr/lib/node_modules/npm/bin/node-gyp-bin:/home/webreflection/code/fbjs/node_modules/.bin:/usr/bin:/usr/local/heroku/bin:/usr/local/sbin:/usr/local/bin:/usr/bin:/usr/bin/site_perl:/usr/bin/vendor_perl:/usr/bin/core_perl:/home/webreflection/.npm-packages/bin
10 verbose lifecycle fbjs@0.8.0-alpha.3~test-scripts: CWD: /home/webreflection/code/fbjs
11 silly lifecycle fbjs@0.8.0-alpha.3~test-scripts: Args: [ '-c', 'cd scripts && npm install && npm test' ]
12 silly lifecycle fbjs@0.8.0-alpha.3~test-scripts: Returned: code: 1  signal: null
13 info lifecycle fbjs@0.8.0-alpha.3~test-scripts: Failed to exec test-scripts script
14 verbose stack Error: fbjs@0.8.0-alpha.3 test-scripts: `cd scripts && npm install && npm test`
14 verbose stack Exit status 1
14 verbose stack     at EventEmitter.<anonymous> (/usr/lib/node_modules/npm/lib/utils/lifecycle.js:239:16)
14 verbose stack     at emitTwo (events.js:100:13)
14 verbose stack     at EventEmitter.emit (events.js:185:7)
14 verbose stack     at ChildProcess.<anonymous> (/usr/lib/node_modules/npm/lib/utils/spawn.js:24:14)
14 verbose stack     at emitTwo (events.js:100:13)
14 verbose stack     at ChildProcess.emit (events.js:185:7)
14 verbose stack     at maybeClose (internal/child_process.js:827:16)
14 verbose stack     at Process.ChildProcess._handle.onexit (internal/child_process.js:211:5)
15 verbose pkgid fbjs@0.8.0-alpha.3
16 verbose cwd /home/webreflection/code/fbjs
17 error Linux 4.4.3-1-ARCH
18 error argv "/usr/bin/node" "/usr/bin/npm" "run" "test-scripts"
19 error node v5.7.1
20 error npm  v3.8.0
21 error code ELIFECYCLE
22 error fbjs@0.8.0-alpha.3 test-scripts: `cd scripts && npm install && npm test`
22 error Exit status 1
23 error Failed at the fbjs@0.8.0-alpha.3 test-scripts script 'cd scripts && npm install && npm test'.
23 error Make sure you have the latest version of node.js and npm installed.
23 error If you do, this is most likely a problem with the fbjs package,
23 error not with npm itself.
23 error Tell the author that this fails on your system:
23 error     cd scripts && npm install && npm test
23 error You can get information on how to open an issue for this project with:
23 error     npm bugs fbjs
23 error Or if that isn't available, you can get their info via:
23 error     npm owner ls fbjs
23 error There is likely additional logging output above.
24 verbose exit [ 1, true ]
